<?xml version="1.0" encoding="UTF-8"?>
<!-- Generated by org.testng.reporters.JUnitXMLReporter -->
<testsuite ignored="0" hostname="DESKTOP-KE9DMGL" failures="0" tests="9" name="SalixBrowserTest" time="231.806" errors="0" timestamp="2024-11-26T16:15:13 IST">
  <testcase classname="com.runner.SalixPharmaceuticalsEdge" name="@BeforeTest setUp" time="222.939">
    <failure type="org.openqa.selenium.TimeoutException" message="java.util.concurrent.TimeoutException
Build info: version: &amp;apos;4.13.0&amp;apos;, revision: &amp;apos;ba948ece5b*&amp;apos;
System info: os.name: &amp;apos;Windows 10&amp;apos;, os.arch: &amp;apos;amd64&amp;apos;, os.version: &amp;apos;10.0&amp;apos;, java.version: &amp;apos;17.0.10&amp;apos;
Driver info: org.openqa.selenium.edge.EdgeDriver
Command: [9f1dbb1ad8c7731c90d16d12db4aeb36, maximizeCurrentWindow {}]
Capabilities {acceptInsecureCerts: false, browserName: MicrosoftEdge, browserVersion: 131.0.2903.63, fedcm:accounts: true, ms:edgeOptions: {debuggerAddress: localhost:60959}, msedge: {msedgedriverVersion: 131.0.2903.70 (73cf19ceae66..., userDataDir: C:\Users\Dell\AppData\Local...}, networkConnectionEnabled: false, pageLoadStrategy: normal, platformName: windows, proxy: Proxy(), se:cdp: ws://localhost:60959/devtoo..., se:cdpVersion: 131.0.2903.63, setWindowRect: true, strictFileInteractability: false, timeouts: {implicit: 0, pageLoad: 300000, script: 30000}, unhandledPromptBehavior: dismiss and notify, webauthn:extension:credBlob: true, webauthn:extension:largeBlob: true, webauthn:extension:minPinLength: true, webauthn:extension:prf: true, webauthn:virtualAuthenticators: true}
Session ID: 9f1dbb1ad8c7731c90d16d12db4aeb36">
      <![CDATA[org.openqa.selenium.TimeoutException: java.util.concurrent.TimeoutException
Build info: version: '4.13.0', revision: 'ba948ece5b*'
System info: os.name: 'Windows 10', os.arch: 'amd64', os.version: '10.0', java.version: '17.0.10'
Driver info: org.openqa.selenium.edge.EdgeDriver
Command: [9f1dbb1ad8c7731c90d16d12db4aeb36, maximizeCurrentWindow {}]
Capabilities {acceptInsecureCerts: false, browserName: MicrosoftEdge, browserVersion: 131.0.2903.63, fedcm:accounts: true, ms:edgeOptions: {debuggerAddress: localhost:60959}, msedge: {msedgedriverVersion: 131.0.2903.70 (73cf19ceae66..., userDataDir: C:\Users\Dell\AppData\Local...}, networkConnectionEnabled: false, pageLoadStrategy: normal, platformName: windows, proxy: Proxy(), se:cdp: ws://localhost:60959/devtoo..., se:cdpVersion: 131.0.2903.63, setWindowRect: true, strictFileInteractability: false, timeouts: {implicit: 0, pageLoad: 300000, script: 30000}, unhandledPromptBehavior: dismiss and notify, webauthn:extension:credBlob: true, webauthn:extension:largeBlob: true, webauthn:extension:minPinLength: true, webauthn:extension:prf: true, webauthn:virtualAuthenticators: true}
Session ID: 9f1dbb1ad8c7731c90d16d12db4aeb36
at org.openqa.selenium.remote.http.netty.NettyHttpHandler.makeCall(NettyHttpHandler.java:65)
at org.openqa.selenium.remote.http.AddSeleniumUserAgent.lambda$apply$0(AddSeleniumUserAgent.java:42)
at org.openqa.selenium.remote.http.Filter.lambda$andFinally$1(Filter.java:55)
at org.openqa.selenium.remote.http.netty.NettyHttpHandler.execute(NettyHttpHandler.java:48)
at org.openqa.selenium.remote.http.netty.NettyClient.execute(NettyClient.java:96)
at org.openqa.selenium.remote.HttpCommandExecutor.execute(HttpCommandExecutor.java:188)
at org.openqa.selenium.remote.service.DriverCommandExecutor.invokeExecute(DriverCommandExecutor.java:196)
at org.openqa.selenium.remote.service.DriverCommandExecutor.execute(DriverCommandExecutor.java:171)
at org.openqa.selenium.remote.RemoteWebDriver.execute(RemoteWebDriver.java:602)
at org.openqa.selenium.remote.RemoteWebDriver.execute(RemoteWebDriver.java:675)
at org.openqa.selenium.remote.RemoteWebDriver.execute(RemoteWebDriver.java:679)
at org.openqa.selenium.remote.RemoteWebDriver$RemoteWebDriverOptions$RemoteWindow.maximize(RemoteWebDriver.java:1063)
at com.baseclass.Base_Class.launchBrowser(Base_Class.java:49)
at com.runner.SalixPharmaceuticalsEdge.setUp(SalixPharmaceuticalsEdge.java:25)
Caused by: java.util.concurrent.TimeoutException
at java.base/java.util.concurrent.CompletableFuture.timedGet(CompletableFuture.java:1960)
at java.base/java.util.concurrent.CompletableFuture.get(CompletableFuture.java:2095)
at org.asynchttpclient.netty.NettyResponseFuture.get(NettyResponseFuture.java:206)
at org.openqa.selenium.remote.http.netty.NettyHttpHandler.makeCall(NettyHttpHandler.java:59)
... 37 more
... Removed 24 stack frames]]>
    </failure>
  </testcase> <!-- @BeforeTest setUp -->
  <testcase classname="com.runner.SalixPharmaceuticalsFirefox" name="@BeforeTest setUp" time="-1.732617912603E9">
    <skipped/>
  </testcase> <!-- @BeforeTest setUp -->
  <testcase classname="com.runner.SalixPharmaceuticalsChrome" name="@AfterTest termination" time="-1.732617912858E9">
    <skipped/>
  </testcase> <!-- @AfterTest termination -->
  <testcase classname="com.runner.SalixPharmaceuticalsEdge" name="@AfterTest termination" time="-1.732617912865E9">
    <skipped/>
  </testcase> <!-- @AfterTest termination -->
  <testcase classname="com.runner.SalixPharmaceuticalsFirefox" name="@AfterTest termination" time="-1.732617912869E9">
    <skipped/>
  </testcase> <!-- @AfterTest termination -->
  <testcase classname="com.runner.SalixPharmaceuticalsFirefox" name="validLoginTest" time="0.0">
    <skipped/>
  </testcase> <!-- validLoginTest -->
  <testcase classname="com.runner.SalixPharmaceuticalsChrome" name="validLoginTest" time="0.0">
    <skipped/>
  </testcase> <!-- validLoginTest -->
  <testcase classname="com.runner.SalixPharmaceuticalsEdge" name="validLoginTest" time="0.0">
    <skipped/>
  </testcase> <!-- validLoginTest -->
  <testcase classname="com.runner.SalixPharmaceuticalsFirefox" name="creatingAnEngagementTest" time="0.0">
    <skipped/>
  </testcase> <!-- creatingAnEngagementTest -->
  <testcase classname="com.runner.SalixPharmaceuticalsChrome" name="creatingAnEngagementTest" time="0.0">
    <skipped/>
  </testcase> <!-- creatingAnEngagementTest -->
  <testcase classname="com.runner.SalixPharmaceuticalsChrome" name="selectingSpeakerTest" time="0.0">
    <skipped/>
  </testcase> <!-- selectingSpeakerTest -->
  <testcase classname="com.runner.SalixPharmaceuticalsEdge" name="creatingAnEngagementTest" time="0.0">
    <skipped/>
  </testcase> <!-- creatingAnEngagementTest -->
  <testcase classname="com.runner.SalixPharmaceuticalsFirefox" name="selectingSpeakerTest" time="0.0">
    <skipped/>
  </testcase> <!-- selectingSpeakerTest -->
  <testcase classname="com.runner.SalixPharmaceuticalsEdge" name="selectingSpeakerTest" time="0.0">
    <skipped/>
  </testcase> <!-- selectingSpeakerTest -->
</testsuite> <!-- SalixBrowserTest -->
