<?xml version="1.0" encoding="UTF-8"?>
<!-- Generated by org.testng.reporters.JUnitXMLReporter -->
<testsuite ignored="0" hostname="DESKTOP-KE9DMGL" failures="1" tests="3" name="Test" time="46.496" errors="0" timestamp="2024-11-26T16:20:13 IST">
  <testcase classname="com.runner.SalixPharmaceuticalsChrome" name="validLoginTest" time="9.756"/>
  <testcase classname="com.runner.SalixPharmaceuticalsChrome" name="creatingAnEngagementTest" time="18.037">
    <failure type="java.lang.AssertionError" message="ERROR : OCCUR DURING ELEMENT CLICK">
      <![CDATA[java.lang.AssertionError: ERROR : OCCUR DURING ELEMENT CLICK
at org.junit.Assert.fail(Assert.java:89)
at com.baseclass.Base_Class.elementClick(Base_Class.java:99)
at com.pageobjectmodel.SalixPharmaceuticalsEngagementCreatPage.creatingAnEngagement(SalixPharmaceuticalsEngagementCreatPage.java:51)
at com.runner.SalixPharmaceuticalsChrome.creatingAnEngagementTest(SalixPharmaceuticalsChrome.java:43)
at java.base/java.util.ArrayList.forEach(ArrayList.java:1511)
... Removed 27 stack frames]]>
    </failure>
  </testcase> <!-- creatingAnEngagementTest -->
  <testcase classname="com.runner.SalixPharmaceuticalsChrome" name="selectingSpeakerTest" time="4.879"/>
</testsuite> <!-- Test -->
