<?xml version="1.0" encoding="UTF-8"?>
<testng-results ignored="0" total="3" passed="2" failed="1" skipped="0">
  <reporter-output>
  </reporter-output>
  <suite started-at="2024-11-26T16:19:26 IST" name="Suite" finished-at="2024-11-26T16:20:12 IST" duration-ms="46496">
    <groups>
    </groups>
    <test started-at="2024-11-26T16:19:26 IST" name="Test" finished-at="2024-11-26T16:20:12 IST" duration-ms="46496">
      <class name="com.runner.SalixPharmaceuticalsChrome">
        <test-method is-config="true" signature="extendStartUp()[pri:0, instance:com.runner.SalixPharmaceuticalsChrome@6e6f2380]" started-at="2024-11-26T16:19:25 IST" name="extendStartUp" finished-at="2024-11-26T16:19:26 IST" duration-ms="608" status="PASS">
          <reporter-output>
          </reporter-output>
        </test-method> <!-- extendStartUp -->
        <test-method is-config="true" signature="setUp()[pri:0, instance:com.runner.SalixPharmaceuticalsChrome@6e6f2380]" started-at="2024-11-26T16:19:26 IST" name="setUp" finished-at="2024-11-26T16:19:38 IST" duration-ms="11777" status="PASS">
          <reporter-output>
          </reporter-output>
        </test-method> <!-- setUp -->
        <test-method signature="validLoginTest()[pri:-5, instance:com.runner.SalixPharmaceuticalsChrome@6e6f2380]" started-at="2024-11-26T16:19:38 IST" name="validLoginTest" finished-at="2024-11-26T16:19:48 IST" duration-ms="9756" status="PASS">
          <reporter-output>
          </reporter-output>
        </test-method> <!-- validLoginTest -->
        <test-method signature="creatingAnEngagementTest()[pri:-3, instance:com.runner.SalixPharmaceuticalsChrome@6e6f2380]" started-at="2024-11-26T16:19:48 IST" name="creatingAnEngagementTest" finished-at="2024-11-26T16:20:06 IST" duration-ms="18037" status="FAIL">
          <exception class="java.lang.AssertionError">
            <message>
              <![CDATA[ERROR : OCCUR DURING ELEMENT CLICK]]>
            </message>
            <full-stacktrace>
              <![CDATA[java.lang.AssertionError: ERROR : OCCUR DURING ELEMENT CLICK
at org.junit.Assert.fail(Assert.java:89)
at com.baseclass.Base_Class.elementClick(Base_Class.java:99)
at com.pageobjectmodel.SalixPharmaceuticalsEngagementCreatPage.creatingAnEngagement(SalixPharmaceuticalsEngagementCreatPage.java:51)
at com.runner.SalixPharmaceuticalsChrome.creatingAnEngagementTest(SalixPharmaceuticalsChrome.java:43)
at java.base/jdk.internal.reflect.NativeMethodAccessorImpl.invoke0(Native Method)
at java.base/jdk.internal.reflect.NativeMethodAccessorImpl.invoke(NativeMethodAccessorImpl.java:77)
at java.base/jdk.internal.reflect.DelegatingMethodAccessorImpl.invoke(DelegatingMethodAccessorImpl.java:43)
at java.base/java.lang.reflect.Method.invoke(Method.java:568)
at org.testng.internal.MethodInvocationHelper.invokeMethod(MethodInvocationHelper.java:133)
at org.testng.internal.TestInvoker.invokeMethod(TestInvoker.java:598)
at org.testng.internal.TestInvoker.invokeTestMethod(TestInvoker.java:173)
at org.testng.internal.MethodRunner.runInSequence(MethodRunner.java:46)
at org.testng.internal.TestInvoker$MethodInvocationAgent.invoke(TestInvoker.java:824)
at org.testng.internal.TestInvoker.invokeTestMethods(TestInvoker.java:146)
at org.testng.internal.TestMethodWorker.invokeTestMethods(TestMethodWorker.java:146)
at org.testng.internal.TestMethodWorker.run(TestMethodWorker.java:128)
at java.base/java.util.ArrayList.forEach(ArrayList.java:1511)
at org.testng.TestRunner.privateRun(TestRunner.java:794)
at org.testng.TestRunner.run(TestRunner.java:596)
at org.testng.SuiteRunner.runTest(SuiteRunner.java:377)
at org.testng.SuiteRunner.runSequentially(SuiteRunner.java:371)
at org.testng.SuiteRunner.privateRun(SuiteRunner.java:332)
at org.testng.SuiteRunner.run(SuiteRunner.java:276)
at org.testng.SuiteRunnerWorker.runSuite(SuiteRunnerWorker.java:53)
at org.testng.SuiteRunnerWorker.run(SuiteRunnerWorker.java:96)
at org.testng.TestNG.runSuitesSequentially(TestNG.java:1212)
at org.testng.TestNG.runSuitesLocally(TestNG.java:1134)
at org.testng.TestNG.runSuites(TestNG.java:1063)
at org.testng.TestNG.run(TestNG.java:1031)
at org.testng.remote.AbstractRemoteTestNG.run(AbstractRemoteTestNG.java:115)
at org.testng.remote.RemoteTestNG.initAndRun(RemoteTestNG.java:293)
at org.testng.remote.RemoteTestNG.main(RemoteTestNG.java:91)
]]>
            </full-stacktrace>
          </exception> <!-- java.lang.AssertionError -->
          <reporter-output>
          </reporter-output>
        </test-method> <!-- creatingAnEngagementTest -->
        <test-method signature="selectingSpeakerTest()[pri:5, instance:com.runner.SalixPharmaceuticalsChrome@6e6f2380]" started-at="2024-11-26T16:20:07 IST" name="selectingSpeakerTest" finished-at="2024-11-26T16:20:11 IST" duration-ms="4879" status="PASS">
          <reporter-output>
          </reporter-output>
        </test-method> <!-- selectingSpeakerTest -->
        <test-method is-config="true" signature="termination()[pri:0, instance:com.runner.SalixPharmaceuticalsChrome@6e6f2380]" started-at="2024-11-26T16:20:12 IST" name="termination" finished-at="2024-11-26T16:20:12 IST" duration-ms="814" status="PASS">
          <reporter-output>
          </reporter-output>
        </test-method> <!-- termination -->
        <test-method is-config="true" signature="ExtendReportEnd()[pri:0, instance:com.runner.SalixPharmaceuticalsChrome@6e6f2380]" started-at="2024-11-26T16:20:13 IST" name="ExtendReportEnd" finished-at="2024-11-26T16:20:16 IST" duration-ms="2985" status="PASS">
          <reporter-output>
          </reporter-output>
        </test-method> <!-- ExtendReportEnd -->
      </class> <!-- com.runner.SalixPharmaceuticalsChrome -->
    </test> <!-- Test -->
  </suite> <!-- Suite -->
</testng-results>
