<?xml version="1.0" encoding="UTF-8"?>
<!-- Generated by org.testng.reporters.JUnitReportReporter -->
<testsuite hostname="DESKTOP-KE9DMGL" failures="1" tests="3" name="com.runner.SalixPharmaceuticalsRunner" time="31.589" errors="0" timestamp="2024-11-26T15:59:45 IST" skipped="0">
  <testcase classname="com.runner.SalixPharmaceuticalsRunner" name="validLoginTest" time="11.256"/>
  <system-out/>
  <testcase classname="com.runner.SalixPharmaceuticalsRunner" name="creatingAnEngagementTest" time="19.067">
    <failure message="ERROR : OCCUR DURING ELEMENT CLICK" type="java.lang.AssertionError">
      <![CDATA[java.lang.AssertionError: ERROR : OCCUR DURING ELEMENT CLICK
at org.junit.Assert.fail(Assert.java:89)
at com.baseclass.Base_Class.elementClick(Base_Class.java:99)
at com.pageobjectmodel.SalixPharmaceuticalsEngagementCreatPage.creatingAnEngagement(SalixPharmaceuticalsEngagementCreatPage.java:51)
at com.runner.SalixPharmaceuticalsRunner.creatingAnEngagementTest(SalixPharmaceuticalsRunner.java:43)
at java.base/jdk.internal.reflect.NativeMethodAccessorImpl.invoke0(Native Method)
at java.base/jdk.internal.reflect.NativeMethodAccessorImpl.invoke(NativeMethodAccessorImpl.java:77)
at java.base/jdk.internal.reflect.DelegatingMethodAccessorImpl.invoke(DelegatingMethodAccessorImpl.java:43)
at java.base/java.lang.reflect.Method.invoke(Method.java:568)
at org.testng.internal.MethodInvocationHelper.invokeMethod(MethodInvocationHelper.java:133)
at org.testng.internal.TestInvoker.invokeMethod(TestInvoker.java:598)
at org.testng.internal.TestInvoker.invokeTestMethod(TestInvoker.java:173)
at org.testng.internal.MethodRunner.runInSequence(MethodRunner.java:46)
at org.testng.internal.TestInvoker$MethodInvocationAgent.invoke(TestInvoker.java:824)
at org.testng.internal.TestInvoker.invokeTestMethods(TestInvoker.java:146)
at org.testng.internal.TestMethodWorker.invokeTestMethods(TestMethodWorker.java:146)
at org.testng.internal.TestMethodWorker.run(TestMethodWorker.java:128)
at java.base/java.util.ArrayList.forEach(ArrayList.java:1511)
at org.testng.TestRunner.privateRun(TestRunner.java:794)
at org.testng.TestRunner.run(TestRunner.java:596)
at org.testng.SuiteRunner.runTest(SuiteRunner.java:377)
at org.testng.SuiteRunner.runSequentially(SuiteRunner.java:371)
at org.testng.SuiteRunner.privateRun(SuiteRunner.java:332)
at org.testng.SuiteRunner.run(SuiteRunner.java:276)
at org.testng.SuiteRunnerWorker.runSuite(SuiteRunnerWorker.java:53)
at org.testng.SuiteRunnerWorker.run(SuiteRunnerWorker.java:96)
at org.testng.TestNG.runSuitesSequentially(TestNG.java:1212)
at org.testng.TestNG.runSuitesLocally(TestNG.java:1134)
at org.testng.TestNG.runSuites(TestNG.java:1063)
at org.testng.TestNG.run(TestNG.java:1031)
at org.testng.remote.AbstractRemoteTestNG.run(AbstractRemoteTestNG.java:115)
at org.testng.remote.RemoteTestNG.initAndRun(RemoteTestNG.java:293)
at org.testng.remote.RemoteTestNG.main(RemoteTestNG.java:91)
]]>
    </failure>
  </testcase> <!-- creatingAnEngagementTest -->
  <system-out/>
  <testcase classname="com.runner.SalixPharmaceuticalsRunner" name="selectingSpeakerTest" time="1.266"/>
  <system-out/>
</testsuite> <!-- com.runner.SalixPharmaceuticalsRunner -->
